<?xml version="1.0" encoding="UTF-8"?>
<testsuite name="com.gradle.tutorial.FizzBuzzTest" tests="4" skipped="0" failures="0" errors="0" timestamp="2021-01-30T16:08:17" hostname="moriarty" time="0.019">
  <properties/>
  <testcase name="FizzBuzzThreeNumbers()" classname="com.gradle.tutorial.FizzBuzzTest" time="0.015"/>
  <testcase name="FizzBuzzFiveNumbers()" classname="com.gradle.tutorial.FizzBuzzTest" time="0.0"/>
  <testcase name="FizzBuzzNormalNumbers()" classname="com.gradle.tutorial.FizzBuzzTest" time="0.001"/>
  <testcase name="FizzBuzzThreeAndFiveNumbers()" classname="com.gradle.tutorial.FizzBuzzTest" time="0.001"/>
  <system-out><![CDATA[]]></system-out>
  <system-err><![CDATA[]]></system-err>
</testsuite>
